# Logfile created on 2011-08-07 15:27:57 -0500 by logger.rb/25413
[1312748877] http://api.netflix.com/catalog/titles?max_results=2&oauth_consumer_key=3n5x56cp5fbh23b3z2xsgdmu&oauth_nonce=923578&oauth_signature=lkE1Cz1yoiAVmdWp4msRZjK6%2Bg0%3D&oauth_signature_method=HMAC-SHA1&oauth_timestamp=1312748785&oauth_version=1.0&term=sneakers
[1312749033] http://api.netflix.com/catalog/titles?max_results=2&oauth_consumer_key=3n5x56cp5fbh23b3z2xsgdmu&oauth_nonce=470616&oauth_signature=lkE1Cz1yoiAVmdWp4msRZjK6%2Bg0%3D&oauth_signature_method=HMAC-SHA1&oauth_timestamp=1312749030&oauth_version=1.0&term=sneakers
[1312749041] http://api.netflix.com/catalog/titles?oauth_consumer_key=3n5x56cp5fbh23b3z2xsgdmu&oauth_nonce=470616&oauth_signature=lkE1Cz1yoiAVmdWp4msRZjK6%2Bg0%3D&oauth_signature_method=HMAC-SHA1&oauth_timestamp=1312749030&oauth_version=1.0&term=sneakers
[1312749269] http://api.netflix.com/catalog/titles?oauth_consumer_key=3n5x56cp5fbh23b3z2xsgdmu&oauth_nonce=534827&oauth_signature=lkE1Cz1yoiAVmdWp4msRZjK6%2Bg0%3D&oauth_signature_method=HMAC-SHA1&oauth_timestamp=1312749256&oauth_version=1.0&term=sneakers
[1312749345] http://api.netflix.com/catalog/titles?oauth_consumer_key=3n5x56cp5fbh23b3z2xsgdmu&oauth_nonce=534827&oauth_signature=lkE1Cz1yoiAVmdWp4msRZjK6%2Bg0%3D&oauth_signature_method=HMAC-SHA1&oauth_timestamp=1312749256&oauth_version=1.0&term=sneakers
[1312749677] http://api.netflix.com/catalog/titles?max_results=2&oauth_consumer_key=3n5x56cp5fbh23b3z2xsgdmu&oauth_nonce=132021&oauth_signature=lkE1Cz1yoiAVmdWp4msRZjK6%2Bg0%3D&oauth_signature_method=HMAC-SHA1&oauth_timestamp=1312749674&oauth_version=1.0&term=sneakers
[1312749728] http://api.netflix.com/catalog/titles?oauth_consumer_key=3n5x56cp5fbh23b3z2xsgdmu&oauth_nonce=753706&oauth_signature=lkE1Cz1yoiAVmdWp4msRZjK6%2Bg0%3D&oauth_signature_method=HMAC-SHA1&oauth_timestamp=1312749716&oauth_version=1.0&term=a
[1312750308] http://api.netflix.com/catalog/titles?oauth_consumer_key=3n5x56cp5fbh23b3z2xsgdmu&oauth_nonce=946913&oauth_signature=frLPEhLHTLM5yoHjC7EyIIXQ6bk%3D&oauth_signature_method=HMAC-SHA1&oauth_timestamp=1312750302&oauth_version=1.0&term=a
[1312750341] http://api.netflix.com/catalog/titles?max_results=2&oauth_consumer_key=3n5x56cp5fbh23b3z2xsgdmu&oauth_nonce=86737&oauth_signature=Sv0Deggk%2FTbdfUsYkXUt9geqosg%3D&oauth_signature_method=HMAC-SHA1&oauth_timestamp=1312750334&oauth_version=1.0&term=sneakers
[1312750942] http://api.netflix.com/catalog/titles?oauth_consumer_key=3n5x56cp5fbh23b3z2xsgdmu&oauth_nonce=888686&oauth_signature=6XTclCGhrsmBEbOg8GW5rWinz%2B4%3D&oauth_signature_method=HMAC-SHA1&oauth_timestamp=1312750930&oauth_version=1.0&term=a
[1312750943] http://api.netflix.com/catalog/titles/movies/70183378/cast?oauth_consumer_key=3n5x56cp5fbh23b3z2xsgdmu&oauth_nonce=888686&oauth_signature=CbO4Ac%2Fkl7JGlDHNKSCFzYn9UWM%3D&oauth_signature_method=HMAC-SHA1&oauth_timestamp=1312750930&oauth_version=1.0
[1312750943] http://api.netflix.com/catalog/titles/movies/70183378/format_availability?oauth_consumer_key=3n5x56cp5fbh23b3z2xsgdmu&oauth_nonce=888686&oauth_signature=RQv%2FlO%2FUD%2Bs1RfIFZnlsSaxftzw%3D&oauth_signature_method=HMAC-SHA1&oauth_timestamp=1312750930&oauth_version=1.0
[1312750943] http://api.netflix.com/catalog/titles/movies/70049633/cast?oauth_consumer_key=3n5x56cp5fbh23b3z2xsgdmu&oauth_nonce=888686&oauth_signature=x4sEZ9UbuUnc7gqyDjykiswfhJ0%3D&oauth_signature_method=HMAC-SHA1&oauth_timestamp=1312750930&oauth_version=1.0
[1312750943] http://api.netflix.com/catalog/titles/movies/70049633/format_availability?oauth_consumer_key=3n5x56cp5fbh23b3z2xsgdmu&oauth_nonce=888686&oauth_signature=5FjuPjpjxH0KuVr8oxlpRxIaX5g%3D&oauth_signature_method=HMAC-SHA1&oauth_timestamp=1312750930&oauth_version=1.0
[1312750944] http://api.netflix.com/catalog/titles/movies/705734/cast?oauth_consumer_key=3n5x56cp5fbh23b3z2xsgdmu&oauth_nonce=888686&oauth_signature=UpE%2F20dZum%2Bt4CWBjbmpeeZ6hwc%3D&oauth_signature_method=HMAC-SHA1&oauth_timestamp=1312750930&oauth_version=1.0
[1312750944] http://api.netflix.com/catalog/titles/movies/705734/format_availability?oauth_consumer_key=3n5x56cp5fbh23b3z2xsgdmu&oauth_nonce=888686&oauth_signature=4vbILsw88lV5EvHH03fZC91dX5o%3D&oauth_signature_method=HMAC-SHA1&oauth_timestamp=1312750930&oauth_version=1.0
[1312750944] http://api.netflix.com/catalog/titles/movies/70040973/cast?oauth_consumer_key=3n5x56cp5fbh23b3z2xsgdmu&oauth_nonce=888686&oauth_signature=t%2BNqEHZe2jC%2B68DM3%2FR4kVg6V%2FE%3D&oauth_signature_method=HMAC-SHA1&oauth_timestamp=1312750930&oauth_version=1.0
[1312750944] http://api.netflix.com/catalog/titles/movies/70040973/format_availability?oauth_consumer_key=3n5x56cp5fbh23b3z2xsgdmu&oauth_nonce=888686&oauth_signature=1X0yriNoMrQINxX1yLgOsVLpSgk%3D&oauth_signature_method=HMAC-SHA1&oauth_timestamp=1312750930&oauth_version=1.0
[1312750944] http://api.netflix.com/catalog/titles/series/70155565/cast?oauth_consumer_key=3n5x56cp5fbh23b3z2xsgdmu&oauth_nonce=888686&oauth_signature=qwR835W9ExvguDgJYsXzfXUM%2FI8%3D&oauth_signature_method=HMAC-SHA1&oauth_timestamp=1312750930&oauth_version=1.0
[1312750945] http://api.netflix.com/catalog/titles/movies/60022998/cast?oauth_consumer_key=3n5x56cp5fbh23b3z2xsgdmu&oauth_nonce=888686&oauth_signature=UMRZeA2W8yEr%2FI83FwZmQm5YETU%3D&oauth_signature_method=HMAC-SHA1&oauth_timestamp=1312750930&oauth_version=1.0
[1312750945] http://api.netflix.com/catalog/titles/movies/60022998/format_availability?oauth_consumer_key=3n5x56cp5fbh23b3z2xsgdmu&oauth_nonce=888686&oauth_signature=mVM3Q94Zj2pgWRg%2FXw17U1D0PqY%3D&oauth_signature_method=HMAC-SHA1&oauth_timestamp=1312750930&oauth_version=1.0
[1312750945] http://api.netflix.com/catalog/titles/movies/70136065/cast?oauth_consumer_key=3n5x56cp5fbh23b3z2xsgdmu&oauth_nonce=888686&oauth_signature=OzSp97hDZPHVKNRS02gZsHYXPSs%3D&oauth_signature_method=HMAC-SHA1&oauth_timestamp=1312750930&oauth_version=1.0
[1312750945] http://api.netflix.com/catalog/titles/movies/70136065/format_availability?oauth_consumer_key=3n5x56cp5fbh23b3z2xsgdmu&oauth_nonce=888686&oauth_signature=ktRX2PswKndVa0W%2FEh6FlfxiEkA%3D&oauth_signature_method=HMAC-SHA1&oauth_timestamp=1312750930&oauth_version=1.0
[1312750945] http://api.netflix.com/catalog/titles/movies/70094773/cast?oauth_consumer_key=3n5x56cp5fbh23b3z2xsgdmu&oauth_nonce=888686&oauth_signature=KDFeutEl8WvurUae4TiT%2B4t%2BgbE%3D&oauth_signature_method=HMAC-SHA1&oauth_timestamp=1312750930&oauth_version=1.0
[1312750946] http://api.netflix.com/catalog/titles/movies/70094773/format_availability?oauth_consumer_key=3n5x56cp5fbh23b3z2xsgdmu&oauth_nonce=888686&oauth_signature=yHpYWQWjU7HNTFg494i6UrVdCJ8%3D&oauth_signature_method=HMAC-SHA1&oauth_timestamp=1312750930&oauth_version=1.0
[1312750946] http://api.netflix.com/catalog/titles/movies/70061952/cast?oauth_consumer_key=3n5x56cp5fbh23b3z2xsgdmu&oauth_nonce=888686&oauth_signature=mh3p19Evd08J2kT3qgiKc3YOE34%3D&oauth_signature_method=HMAC-SHA1&oauth_timestamp=1312750930&oauth_version=1.0
[1312750946] http://api.netflix.com/catalog/titles/movies/70061952/format_availability?oauth_consumer_key=3n5x56cp5fbh23b3z2xsgdmu&oauth_nonce=888686&oauth_signature=5ah8SARRDh9imEYX3qEuamA9EUo%3D&oauth_signature_method=HMAC-SHA1&oauth_timestamp=1312750930&oauth_version=1.0
[1312750946] http://api.netflix.com/catalog/titles/movies/70109890/cast?oauth_consumer_key=3n5x56cp5fbh23b3z2xsgdmu&oauth_nonce=888686&oauth_signature=puZdcMRc8x1G1n4LX8PJ8E5AIKI%3D&oauth_signature_method=HMAC-SHA1&oauth_timestamp=1312750930&oauth_version=1.0
[1312750946] http://api.netflix.com/catalog/titles/movies/70109890/format_availability?oauth_consumer_key=3n5x56cp5fbh23b3z2xsgdmu&oauth_nonce=888686&oauth_signature=Sgv72I3x%2FfgI7I25SwRJrHiOMDE%3D&oauth_signature_method=HMAC-SHA1&oauth_timestamp=1312750930&oauth_version=1.0
[1312750946] http://api.netflix.com/catalog/titles/movies/70109087/cast?oauth_consumer_key=3n5x56cp5fbh23b3z2xsgdmu&oauth_nonce=888686&oauth_signature=NYaRAcTYV5UDt4UPmqAHAnv4wYQ%3D&oauth_signature_method=HMAC-SHA1&oauth_timestamp=1312750930&oauth_version=1.0
[1312750947] http://api.netflix.com/catalog/titles/movies/70109087/format_availability?oauth_consumer_key=3n5x56cp5fbh23b3z2xsgdmu&oauth_nonce=888686&oauth_signature=rJn%2BgrxER%2FYdEaNP428HZLUsEVA%3D&oauth_signature_method=HMAC-SHA1&oauth_timestamp=1312750930&oauth_version=1.0
[1312750947] http://api.netflix.com/catalog/titles/movies/70138342/cast?oauth_consumer_key=3n5x56cp5fbh23b3z2xsgdmu&oauth_nonce=888686&oauth_signature=WWxgXQ1SPDGFCgjqOGPk8ApigNI%3D&oauth_signature_method=HMAC-SHA1&oauth_timestamp=1312750930&oauth_version=1.0
[1312750947] http://api.netflix.com/catalog/titles/movies/70138342/format_availability?oauth_consumer_key=3n5x56cp5fbh23b3z2xsgdmu&oauth_nonce=888686&oauth_signature=%2BkR9SEorxvIwjx012Bfx2zV%2FWsI%3D&oauth_signature_method=HMAC-SHA1&oauth_timestamp=1312750930&oauth_version=1.0
[1312750947] http://api.netflix.com/catalog/titles/movies/60035684/cast?oauth_consumer_key=3n5x56cp5fbh23b3z2xsgdmu&oauth_nonce=888686&oauth_signature=ywz8gn4cOs%2FaMl8B38ILKl2K8DM%3D&oauth_signature_method=HMAC-SHA1&oauth_timestamp=1312750930&oauth_version=1.0
[1312750947] http://api.netflix.com/catalog/titles/movies/60035684/format_availability?oauth_consumer_key=3n5x56cp5fbh23b3z2xsgdmu&oauth_nonce=888686&oauth_signature=d8hEPNyM3bqiSP2%2BnTMzPHAcvrw%3D&oauth_signature_method=HMAC-SHA1&oauth_timestamp=1312750930&oauth_version=1.0
[1312750948] http://api.netflix.com/catalog/titles/movies/70098677/cast?oauth_consumer_key=3n5x56cp5fbh23b3z2xsgdmu&oauth_nonce=888686&oauth_signature=6WWZBcdeIKnauJKr08lXdjkcTgE%3D&oauth_signature_method=HMAC-SHA1&oauth_timestamp=1312750930&oauth_version=1.0
[1312750948] http://api.netflix.com/catalog/titles/movies/70098677/format_availability?oauth_consumer_key=3n5x56cp5fbh23b3z2xsgdmu&oauth_nonce=888686&oauth_signature=94TVIP4iVCTu5MrkYcYlXztCuMA%3D&oauth_signature_method=HMAC-SHA1&oauth_timestamp=1312750930&oauth_version=1.0
[1312750948] http://api.netflix.com/catalog/titles/movies/70011945/cast?oauth_consumer_key=3n5x56cp5fbh23b3z2xsgdmu&oauth_nonce=888686&oauth_signature=BV6Fap0ydLCoiO8qwLbQIRMTDB8%3D&oauth_signature_method=HMAC-SHA1&oauth_timestamp=1312750930&oauth_version=1.0
[1312750948] http://api.netflix.com/catalog/titles/movies/70011945/format_availability?oauth_consumer_key=3n5x56cp5fbh23b3z2xsgdmu&oauth_nonce=888686&oauth_signature=fzFmVomruGgQxo75XEszlLAqxPY%3D&oauth_signature_method=HMAC-SHA1&oauth_timestamp=1312750930&oauth_version=1.0
[1312750949] http://api.netflix.com/catalog/titles/movies/443335/cast?oauth_consumer_key=3n5x56cp5fbh23b3z2xsgdmu&oauth_nonce=888686&oauth_signature=OU6AKbLV7wX9Q5%2B1BhlY7%2FhjZvY%3D&oauth_signature_method=HMAC-SHA1&oauth_timestamp=1312750930&oauth_version=1.0
[1312750949] http://api.netflix.com/catalog/titles/movies/443335/format_availability?oauth_consumer_key=3n5x56cp5fbh23b3z2xsgdmu&oauth_nonce=888686&oauth_signature=8XOFJgQ6u%2FGZg21Swk4HHaGh3rk%3D&oauth_signature_method=HMAC-SHA1&oauth_timestamp=1312750930&oauth_version=1.0
[1312750949] http://api.netflix.com/catalog/titles/movies/383466/cast?oauth_consumer_key=3n5x56cp5fbh23b3z2xsgdmu&oauth_nonce=888686&oauth_signature=OnM1kBei7Bc9v0JPXUZVVnGUfeY%3D&oauth_signature_method=HMAC-SHA1&oauth_timestamp=1312750930&oauth_version=1.0
[1312750949] http://api.netflix.com/catalog/titles/movies/383466/format_availability?oauth_consumer_key=3n5x56cp5fbh23b3z2xsgdmu&oauth_nonce=888686&oauth_signature=66cG%2Bng5nNIcDPT8xgex8OB%2BSx0%3D&oauth_signature_method=HMAC-SHA1&oauth_timestamp=1312750930&oauth_version=1.0
[1312750949] http://api.netflix.com/catalog/titles/movies/70123920/cast?oauth_consumer_key=3n5x56cp5fbh23b3z2xsgdmu&oauth_nonce=888686&oauth_signature=H8W1vLWz8UdORu%2FtE08BxLEfb4I%3D&oauth_signature_method=HMAC-SHA1&oauth_timestamp=1312750930&oauth_version=1.0
[1312750949] http://api.netflix.com/catalog/titles/movies/70123920/format_availability?oauth_consumer_key=3n5x56cp5fbh23b3z2xsgdmu&oauth_nonce=888686&oauth_signature=Ik57PszRyL4clcNRC6yXQFlIMVE%3D&oauth_signature_method=HMAC-SHA1&oauth_timestamp=1312750930&oauth_version=1.0
[1312750950] http://api.netflix.com/catalog/titles/movies/60003767/cast?oauth_consumer_key=3n5x56cp5fbh23b3z2xsgdmu&oauth_nonce=888686&oauth_signature=qH9nzpwIPcuU0%2FfNgUxdirxk19g%3D&oauth_signature_method=HMAC-SHA1&oauth_timestamp=1312750930&oauth_version=1.0
[1312750950] http://api.netflix.com/catalog/titles/movies/60003767/format_availability?oauth_consumer_key=3n5x56cp5fbh23b3z2xsgdmu&oauth_nonce=888686&oauth_signature=Uk9h292d1C2anlcZdbqNwKcSnaQ%3D&oauth_signature_method=HMAC-SHA1&oauth_timestamp=1312750930&oauth_version=1.0
[1312750950] http://api.netflix.com/catalog/titles/movies/70069480/cast?oauth_consumer_key=3n5x56cp5fbh23b3z2xsgdmu&oauth_nonce=888686&oauth_signature=3xMP26bBjXQ7PGS%2FHaIZSay6q%2Bc%3D&oauth_signature_method=HMAC-SHA1&oauth_timestamp=1312750930&oauth_version=1.0
[1312750950] http://api.netflix.com/catalog/titles/movies/70069480/format_availability?oauth_consumer_key=3n5x56cp5fbh23b3z2xsgdmu&oauth_nonce=888686&oauth_signature=SH5hYBUssmM%2Fzdd6Oamjd7GO0Go%3D&oauth_signature_method=HMAC-SHA1&oauth_timestamp=1312750930&oauth_version=1.0
[1312750950] http://api.netflix.com/catalog/titles/movies/70100349/cast?oauth_consumer_key=3n5x56cp5fbh23b3z2xsgdmu&oauth_nonce=888686&oauth_signature=VgJHTrZtT6e13s8KUZOmnthE%2BzI%3D&oauth_signature_method=HMAC-SHA1&oauth_timestamp=1312750930&oauth_version=1.0
[1312750951] http://api.netflix.com/catalog/titles/movies/70100349/format_availability?oauth_consumer_key=3n5x56cp5fbh23b3z2xsgdmu&oauth_nonce=888686&oauth_signature=Q2UkPF647l9NQaQdRXFs5PhF9Jw%3D&oauth_signature_method=HMAC-SHA1&oauth_timestamp=1312750930&oauth_version=1.0
[1312750951] http://api.netflix.com/catalog/titles/movies/70107499/cast?oauth_consumer_key=3n5x56cp5fbh23b3z2xsgdmu&oauth_nonce=888686&oauth_signature=lxx1tDjPbmaRRUSKSEP1MeCSPIM%3D&oauth_signature_method=HMAC-SHA1&oauth_timestamp=1312750930&oauth_version=1.0
[1312750951] http://api.netflix.com/catalog/titles/movies/70107499/format_availability?oauth_consumer_key=3n5x56cp5fbh23b3z2xsgdmu&oauth_nonce=888686&oauth_signature=EqRQTX%2F21YHftlvV1ci8CW%2B7mLU%3D&oauth_signature_method=HMAC-SHA1&oauth_timestamp=1312750930&oauth_version=1.0
[1312750951] http://api.netflix.com/catalog/titles/movies/60023947/cast?oauth_consumer_key=3n5x56cp5fbh23b3z2xsgdmu&oauth_nonce=888686&oauth_signature=m8CBb9HGhwz0pJvHt8m8V6p8FkA%3D&oauth_signature_method=HMAC-SHA1&oauth_timestamp=1312750930&oauth_version=1.0
[1312750951] http://api.netflix.com/catalog/titles/movies/60023947/format_availability?oauth_consumer_key=3n5x56cp5fbh23b3z2xsgdmu&oauth_nonce=888686&oauth_signature=z89KOIJAkEkMX0H9flTqUNvTeMs%3D&oauth_signature_method=HMAC-SHA1&oauth_timestamp=1312750930&oauth_version=1.0
[1312750951] http://api.netflix.com/catalog/titles/movies/1179333/cast?oauth_consumer_key=3n5x56cp5fbh23b3z2xsgdmu&oauth_nonce=888686&oauth_signature=mPXeXkqGl8NDqXUeYIngXfYgkKE%3D&oauth_signature_method=HMAC-SHA1&oauth_timestamp=1312750930&oauth_version=1.0
[1312750952] http://api.netflix.com/catalog/titles/movies/1179333/format_availability?oauth_consumer_key=3n5x56cp5fbh23b3z2xsgdmu&oauth_nonce=888686&oauth_signature=COCK8D4w1OFJv%2FQlN3VA2snbGSY%3D&oauth_signature_method=HMAC-SHA1&oauth_timestamp=1312750930&oauth_version=1.0
[1312750952] http://api.netflix.com/catalog/titles/movies/60036243/cast?oauth_consumer_key=3n5x56cp5fbh23b3z2xsgdmu&oauth_nonce=888686&oauth_signature=VfE2xjZhgSatVfCkMCy%2BlkKIr3M%3D&oauth_signature_method=HMAC-SHA1&oauth_timestamp=1312750930&oauth_version=1.0
[1312750952] http://api.netflix.com/catalog/titles/movies/60036243/format_availability?oauth_consumer_key=3n5x56cp5fbh23b3z2xsgdmu&oauth_nonce=888686&oauth_signature=5dskxvY5EDAEabZUstoPiTR2608%3D&oauth_signature_method=HMAC-SHA1&oauth_timestamp=1312750930&oauth_version=1.0
[1312750975] http://api.netflix.com/catalog/titles?oauth_consumer_key=3n5x56cp5fbh23b3z2xsgdmu&oauth_nonce=888686&oauth_signature=rPh1V8bdZHvmA5sArBd2lCxpSdg%3D&oauth_signature_method=HMAC-SHA1&oauth_timestamp=1312750930&oauth_version=1.0&term=sneakers
[1312750976] http://api.netflix.com/catalog/titles/movies/60031755/cast?oauth_consumer_key=3n5x56cp5fbh23b3z2xsgdmu&oauth_nonce=888686&oauth_signature=U6ZmDz7FViPRo8YPKN419KTiQTk%3D&oauth_signature_method=HMAC-SHA1&oauth_timestamp=1312750930&oauth_version=1.0
[1312750976] http://api.netflix.com/catalog/titles/movies/60031755/format_availability?oauth_consumer_key=3n5x56cp5fbh23b3z2xsgdmu&oauth_nonce=888686&oauth_signature=waNfSGTKFP6qE3hfau4vphB1suY%3D&oauth_signature_method=HMAC-SHA1&oauth_timestamp=1312750930&oauth_version=1.0
[1312750976] http://api.netflix.com/catalog/titles/movies/60024073/cast?oauth_consumer_key=3n5x56cp5fbh23b3z2xsgdmu&oauth_nonce=888686&oauth_signature=AgLgF19DnAy%2Blm%2Fu37rjuoDIVxE%3D&oauth_signature_method=HMAC-SHA1&oauth_timestamp=1312750930&oauth_version=1.0
[1312750977] http://api.netflix.com/catalog/titles/movies/60024073/format_availability?oauth_consumer_key=3n5x56cp5fbh23b3z2xsgdmu&oauth_nonce=888686&oauth_signature=xrby5MW%2F3IVhXAbc7aDO0DSKZcA%3D&oauth_signature_method=HMAC-SHA1&oauth_timestamp=1312750930&oauth_version=1.0
[1312750977] http://api.netflix.com/catalog/titles/movies/60033680/cast?oauth_consumer_key=3n5x56cp5fbh23b3z2xsgdmu&oauth_nonce=888686&oauth_signature=BNastDoOKtPqR0y5bA0boTgnIe4%3D&oauth_signature_method=HMAC-SHA1&oauth_timestamp=1312750930&oauth_version=1.0
[1312750977] http://api.netflix.com/catalog/titles/movies/60033680/format_availability?oauth_consumer_key=3n5x56cp5fbh23b3z2xsgdmu&oauth_nonce=888686&oauth_signature=L5KIz2cQutHionQkJSL0I7rcKMU%3D&oauth_signature_method=HMAC-SHA1&oauth_timestamp=1312750930&oauth_version=1.0
[1312750977] http://api.netflix.com/catalog/titles/movies/60010229/cast?oauth_consumer_key=3n5x56cp5fbh23b3z2xsgdmu&oauth_nonce=888686&oauth_signature=GsnXjZcPzRi8ooRue8DlC5Wd89A%3D&oauth_signature_method=HMAC-SHA1&oauth_timestamp=1312750930&oauth_version=1.0
[1312750977] http://api.netflix.com/catalog/titles/movies/60010229/format_availability?oauth_consumer_key=3n5x56cp5fbh23b3z2xsgdmu&oauth_nonce=888686&oauth_signature=rZO1tpnGWj5SCTBUdtb7j9u6m5M%3D&oauth_signature_method=HMAC-SHA1&oauth_timestamp=1312750930&oauth_version=1.0
[1312750977] http://api.netflix.com/catalog/titles/movies/70052113/cast?oauth_consumer_key=3n5x56cp5fbh23b3z2xsgdmu&oauth_nonce=888686&oauth_signature=6OnhLpCr7Bdjo%2FpfNfDFMC3ab%2B4%3D&oauth_signature_method=HMAC-SHA1&oauth_timestamp=1312750930&oauth_version=1.0
[1312750978] http://api.netflix.com/catalog/titles/movies/70052113/format_availability?oauth_consumer_key=3n5x56cp5fbh23b3z2xsgdmu&oauth_nonce=888686&oauth_signature=pwvA1VDL%2Fv8OXcVfe5M3fQXNIIw%3D&oauth_signature_method=HMAC-SHA1&oauth_timestamp=1312750930&oauth_version=1.0
[1312750978] http://api.netflix.com/catalog/titles/movies/70049186/cast?oauth_consumer_key=3n5x56cp5fbh23b3z2xsgdmu&oauth_nonce=888686&oauth_signature=c9Xmh0hBKGNiejPQcF6ALyDdYH8%3D&oauth_signature_method=HMAC-SHA1&oauth_timestamp=1312750930&oauth_version=1.0
[1312750978] http://api.netflix.com/catalog/titles/movies/70049186/format_availability?oauth_consumer_key=3n5x56cp5fbh23b3z2xsgdmu&oauth_nonce=888686&oauth_signature=rim6hAc478aIAbpm7y2hb1xSuyE%3D&oauth_signature_method=HMAC-SHA1&oauth_timestamp=1312750930&oauth_version=1.0
[1312750978] http://api.netflix.com/catalog/titles/movies/60027593/cast?oauth_consumer_key=3n5x56cp5fbh23b3z2xsgdmu&oauth_nonce=888686&oauth_signature=%2BlNqWUX6ISn7riR9DFgfd5MCYTs%3D&oauth_signature_method=HMAC-SHA1&oauth_timestamp=1312750930&oauth_version=1.0
[1312750978] http://api.netflix.com/catalog/titles/movies/60027593/format_availability?oauth_consumer_key=3n5x56cp5fbh23b3z2xsgdmu&oauth_nonce=888686&oauth_signature=yqqsUEruapcFnac9Puu7dRd9q5A%3D&oauth_signature_method=HMAC-SHA1&oauth_timestamp=1312750930&oauth_version=1.0
[1312750978] http://api.netflix.com/catalog/titles/movies/70032916/cast?oauth_consumer_key=3n5x56cp5fbh23b3z2xsgdmu&oauth_nonce=888686&oauth_signature=Gt2TYloYk%2FfAbrcB7%2FEbkS6HLZs%3D&oauth_signature_method=HMAC-SHA1&oauth_timestamp=1312750930&oauth_version=1.0
[1312750979] http://api.netflix.com/catalog/titles/movies/70032916/format_availability?oauth_consumer_key=3n5x56cp5fbh23b3z2xsgdmu&oauth_nonce=888686&oauth_signature=RbKb4ltowJJDZWyupFOgNoVgP%2Fw%3D&oauth_signature_method=HMAC-SHA1&oauth_timestamp=1312750930&oauth_version=1.0
[1312750979] http://api.netflix.com/catalog/titles/series/70139471/cast?oauth_consumer_key=3n5x56cp5fbh23b3z2xsgdmu&oauth_nonce=888686&oauth_signature=qrvrZpC727DTFQBxAv%2FRW6YWW3w%3D&oauth_signature_method=HMAC-SHA1&oauth_timestamp=1312750930&oauth_version=1.0
[1312750979] http://api.netflix.com/catalog/titles/series/70139471/format_availability?oauth_consumer_key=3n5x56cp5fbh23b3z2xsgdmu&oauth_nonce=888686&oauth_signature=P5U9noHRZfQood2eth89iXqIBJ4%3D&oauth_signature_method=HMAC-SHA1&oauth_timestamp=1312750930&oauth_version=1.0
[1312750979] http://api.netflix.com/catalog/titles/series/70129645/cast?oauth_consumer_key=3n5x56cp5fbh23b3z2xsgdmu&oauth_nonce=888686&oauth_signature=9HSxjK0b55V2YotA%2FclrGSW8BGo%3D&oauth_signature_method=HMAC-SHA1&oauth_timestamp=1312750930&oauth_version=1.0
[1312750979] http://api.netflix.com/catalog/titles/series/70129645/format_availability?oauth_consumer_key=3n5x56cp5fbh23b3z2xsgdmu&oauth_nonce=888686&oauth_signature=OZJZpZOSQTU8gb1sYaxwk6YS2aI%3D&oauth_signature_method=HMAC-SHA1&oauth_timestamp=1312750930&oauth_version=1.0
[1312750979] http://api.netflix.com/catalog/titles/movies/70098677/cast?oauth_consumer_key=3n5x56cp5fbh23b3z2xsgdmu&oauth_nonce=888686&oauth_signature=6WWZBcdeIKnauJKr08lXdjkcTgE%3D&oauth_signature_method=HMAC-SHA1&oauth_timestamp=1312750930&oauth_version=1.0
[1312750979] http://api.netflix.com/catalog/titles/movies/70098677/format_availability?oauth_consumer_key=3n5x56cp5fbh23b3z2xsgdmu&oauth_nonce=888686&oauth_signature=94TVIP4iVCTu5MrkYcYlXztCuMA%3D&oauth_signature_method=HMAC-SHA1&oauth_timestamp=1312750930&oauth_version=1.0
[1312750979] http://api.netflix.com/catalog/titles/series/70143865/cast?oauth_consumer_key=3n5x56cp5fbh23b3z2xsgdmu&oauth_nonce=888686&oauth_signature=VaKUxCWeRuUdK1OgjznTdhT3aJ8%3D&oauth_signature_method=HMAC-SHA1&oauth_timestamp=1312750930&oauth_version=1.0
[1312750980] http://api.netflix.com/catalog/titles/movies/60023596/cast?oauth_consumer_key=3n5x56cp5fbh23b3z2xsgdmu&oauth_nonce=888686&oauth_signature=l1xat7Aq3jO51lKhQ6HNg3jJFHk%3D&oauth_signature_method=HMAC-SHA1&oauth_timestamp=1312750930&oauth_version=1.0
[1312750980] http://api.netflix.com/catalog/titles/movies/60023596/format_availability?oauth_consumer_key=3n5x56cp5fbh23b3z2xsgdmu&oauth_nonce=888686&oauth_signature=AnNKkKIeOjcgfbi6cPAcKqYTQS8%3D&oauth_signature_method=HMAC-SHA1&oauth_timestamp=1312750930&oauth_version=1.0
[1312750980] http://api.netflix.com/catalog/titles/movies/60000138/cast?oauth_consumer_key=3n5x56cp5fbh23b3z2xsgdmu&oauth_nonce=888686&oauth_signature=UUoQK9Kkht7kpcw68KA%2FmsVgdP0%3D&oauth_signature_method=HMAC-SHA1&oauth_timestamp=1312750930&oauth_version=1.0
[1312750980] http://api.netflix.com/catalog/titles/movies/60000138/format_availability?oauth_consumer_key=3n5x56cp5fbh23b3z2xsgdmu&oauth_nonce=888686&oauth_signature=3gKpORilgbvXSKt5Vcyo7fEvwdA%3D&oauth_signature_method=HMAC-SHA1&oauth_timestamp=1312750930&oauth_version=1.0
[1312750980] http://api.netflix.com/catalog/titles/movies/60027527/cast?oauth_consumer_key=3n5x56cp5fbh23b3z2xsgdmu&oauth_nonce=888686&oauth_signature=rmX0ShBhLOUy7qhSB4BZ4CAj%2BGk%3D&oauth_signature_method=HMAC-SHA1&oauth_timestamp=1312750930&oauth_version=1.0
[1312750980] http://api.netflix.com/catalog/titles/movies/60027527/format_availability?oauth_consumer_key=3n5x56cp5fbh23b3z2xsgdmu&oauth_nonce=888686&oauth_signature=CxLckgJ3QTQUUBFb%2F%2FXigtZht%2BU%3D&oauth_signature_method=HMAC-SHA1&oauth_timestamp=1312750930&oauth_version=1.0
[1312750980] http://api.netflix.com/catalog/titles/movies/60028502/cast?oauth_consumer_key=3n5x56cp5fbh23b3z2xsgdmu&oauth_nonce=888686&oauth_signature=PleRjX320N5k7wjpottskZ5YEHk%3D&oauth_signature_method=HMAC-SHA1&oauth_timestamp=1312750930&oauth_version=1.0
[1312750981] http://api.netflix.com/catalog/titles/movies/60028502/format_availability?oauth_consumer_key=3n5x56cp5fbh23b3z2xsgdmu&oauth_nonce=888686&oauth_signature=kA%2F90yBzTRo0dM1ti%2BROYZ3cVbA%3D&oauth_signature_method=HMAC-SHA1&oauth_timestamp=1312750930&oauth_version=1.0
[1312750981] http://api.netflix.com/catalog/titles/movies/60034154/cast?oauth_consumer_key=3n5x56cp5fbh23b3z2xsgdmu&oauth_nonce=888686&oauth_signature=SIWmw5H5AdIiQFqVyb76eTlS1iI%3D&oauth_signature_method=HMAC-SHA1&oauth_timestamp=1312750930&oauth_version=1.0
[1312750981] http://api.netflix.com/catalog/titles/movies/60034154/format_availability?oauth_consumer_key=3n5x56cp5fbh23b3z2xsgdmu&oauth_nonce=888686&oauth_signature=9IdV7Mg5U9baWDuK%2BU5TRrLKTfw%3D&oauth_signature_method=HMAC-SHA1&oauth_timestamp=1312750930&oauth_version=1.0
[1312750981] http://api.netflix.com/catalog/titles/movies/70035762/cast?oauth_consumer_key=3n5x56cp5fbh23b3z2xsgdmu&oauth_nonce=888686&oauth_signature=%2FpYOqOvZSxuQXz2kUhAnpPL2%2Fqc%3D&oauth_signature_method=HMAC-SHA1&oauth_timestamp=1312750930&oauth_version=1.0
[1312750981] http://api.netflix.com/catalog/titles/movies/70035762/format_availability?oauth_consumer_key=3n5x56cp5fbh23b3z2xsgdmu&oauth_nonce=888686&oauth_signature=oej480lABHRgmou6r2yDM%2BfS22U%3D&oauth_signature_method=HMAC-SHA1&oauth_timestamp=1312750930&oauth_version=1.0
[1312750981] http://api.netflix.com/catalog/titles/movies/70038986/cast?oauth_consumer_key=3n5x56cp5fbh23b3z2xsgdmu&oauth_nonce=888686&oauth_signature=eMTIeybq0C7TMUdafhqucOtNXFA%3D&oauth_signature_method=HMAC-SHA1&oauth_timestamp=1312750930&oauth_version=1.0
[1312750981] http://api.netflix.com/catalog/titles/movies/70038986/format_availability?oauth_consumer_key=3n5x56cp5fbh23b3z2xsgdmu&oauth_nonce=888686&oauth_signature=9y0bOmYk2MSI9xYoYsX5w3G2gkk%3D&oauth_signature_method=HMAC-SHA1&oauth_timestamp=1312750930&oauth_version=1.0
[1312750982] http://api.netflix.com/catalog/titles/movies/70048917/cast?oauth_consumer_key=3n5x56cp5fbh23b3z2xsgdmu&oauth_nonce=888686&oauth_signature=HNStaJw0znj7dnNHHMQXygqh%2B68%3D&oauth_signature_method=HMAC-SHA1&oauth_timestamp=1312750930&oauth_version=1.0
[1312750982] http://api.netflix.com/catalog/titles/movies/70048917/format_availability?oauth_consumer_key=3n5x56cp5fbh23b3z2xsgdmu&oauth_nonce=888686&oauth_signature=sk4%2F0JWDc9FFlLJVmqPBtjOqkJQ%3D&oauth_signature_method=HMAC-SHA1&oauth_timestamp=1312750930&oauth_version=1.0
[1312750982] http://api.netflix.com/catalog/titles/movies/70055211/cast?oauth_consumer_key=3n5x56cp5fbh23b3z2xsgdmu&oauth_nonce=888686&oauth_signature=0w8q%2FLXFdWpN3NjA4G8SgZWbS5g%3D&oauth_signature_method=HMAC-SHA1&oauth_timestamp=1312750930&oauth_version=1.0
[1312750982] http://api.netflix.com/catalog/titles/movies/70055211/format_availability?oauth_consumer_key=3n5x56cp5fbh23b3z2xsgdmu&oauth_nonce=888686&oauth_signature=6sY3SA0%2F9tnvDCkhsd%2FA7s2rBeU%3D&oauth_signature_method=HMAC-SHA1&oauth_timestamp=1312750930&oauth_version=1.0
[1312750982] http://api.netflix.com/catalog/titles/movies/70069244/cast?oauth_consumer_key=3n5x56cp5fbh23b3z2xsgdmu&oauth_nonce=888686&oauth_signature=1EgnRYPpEIonIyOMjEmuWKYVVns%3D&oauth_signature_method=HMAC-SHA1&oauth_timestamp=1312750930&oauth_version=1.0
[1312750982] http://api.netflix.com/catalog/titles/movies/70069244/format_availability?oauth_consumer_key=3n5x56cp5fbh23b3z2xsgdmu&oauth_nonce=888686&oauth_signature=jTGsVje8sQ6rV%2FUwvxTqf8A5gas%3D&oauth_signature_method=HMAC-SHA1&oauth_timestamp=1312750930&oauth_version=1.0
[1312750982] http://api.netflix.com/catalog/titles/movies/70070141/cast?oauth_consumer_key=3n5x56cp5fbh23b3z2xsgdmu&oauth_nonce=888686&oauth_signature=i8nyL3oZxtU0m9ufG6qlcaYdLhU%3D&oauth_signature_method=HMAC-SHA1&oauth_timestamp=1312750930&oauth_version=1.0
[1312750983] http://api.netflix.com/catalog/titles/movies/70070141/format_availability?oauth_consumer_key=3n5x56cp5fbh23b3z2xsgdmu&oauth_nonce=888686&oauth_signature=KQAgvzUwBF655qknz00oOVULEFY%3D&oauth_signature_method=HMAC-SHA1&oauth_timestamp=1312750930&oauth_version=1.0
[1312750983] http://api.netflix.com/catalog/titles/movies/70134660/cast?oauth_consumer_key=3n5x56cp5fbh23b3z2xsgdmu&oauth_nonce=888686&oauth_signature=cCVWDqJwsIYdE1x5KYsUD%2BT6BV8%3D&oauth_signature_method=HMAC-SHA1&oauth_timestamp=1312750930&oauth_version=1.0
[1312750983] http://api.netflix.com/catalog/titles/movies/70134660/format_availability?oauth_consumer_key=3n5x56cp5fbh23b3z2xsgdmu&oauth_nonce=888686&oauth_signature=j%2F8efZHlmi2xyys%2F518moBmnq3E%3D&oauth_signature_method=HMAC-SHA1&oauth_timestamp=1312750930&oauth_version=1.0
[1312750983] http://api.netflix.com/catalog/titles/movies/70153180/cast?oauth_consumer_key=3n5x56cp5fbh23b3z2xsgdmu&oauth_nonce=888686&oauth_signature=20MOWghcKBQDMdEaOaxQHTobEPI%3D&oauth_signature_method=HMAC-SHA1&oauth_timestamp=1312750930&oauth_version=1.0
[1312750983] http://api.netflix.com/catalog/titles/movies/70153180/format_availability?oauth_consumer_key=3n5x56cp5fbh23b3z2xsgdmu&oauth_nonce=888686&oauth_signature=ye1s86eZ1OCpdOJSErgpIYdtpo0%3D&oauth_signature_method=HMAC-SHA1&oauth_timestamp=1312750930&oauth_version=1.0
[1312751025] http://api.netflix.com/catalog/titles?oauth_consumer_key=3n5x56cp5fbh23b3z2xsgdmu&oauth_nonce=888686&oauth_signature=rPh1V8bdZHvmA5sArBd2lCxpSdg%3D&oauth_signature_method=HMAC-SHA1&oauth_timestamp=1312750930&oauth_version=1.0&term=sneakers
[1312751026] http://api.netflix.com/catalog/titles/movies/60031755/cast?oauth_consumer_key=3n5x56cp5fbh23b3z2xsgdmu&oauth_nonce=888686&oauth_signature=U6ZmDz7FViPRo8YPKN419KTiQTk%3D&oauth_signature_method=HMAC-SHA1&oauth_timestamp=1312750930&oauth_version=1.0
[1312751026] http://api.netflix.com/catalog/titles/movies/60031755/format_availability?oauth_consumer_key=3n5x56cp5fbh23b3z2xsgdmu&oauth_nonce=888686&oauth_signature=waNfSGTKFP6qE3hfau4vphB1suY%3D&oauth_signature_method=HMAC-SHA1&oauth_timestamp=1312750930&oauth_version=1.0
[1312751026] http://api.netflix.com/catalog/titles/movies/60024073/cast?oauth_consumer_key=3n5x56cp5fbh23b3z2xsgdmu&oauth_nonce=888686&oauth_signature=AgLgF19DnAy%2Blm%2Fu37rjuoDIVxE%3D&oauth_signature_method=HMAC-SHA1&oauth_timestamp=1312750930&oauth_version=1.0
[1312751026] http://api.netflix.com/catalog/titles/movies/60024073/format_availability?oauth_consumer_key=3n5x56cp5fbh23b3z2xsgdmu&oauth_nonce=888686&oauth_signature=xrby5MW%2F3IVhXAbc7aDO0DSKZcA%3D&oauth_signature_method=HMAC-SHA1&oauth_timestamp=1312750930&oauth_version=1.0
[1312751027] http://api.netflix.com/catalog/titles/movies/60033680/cast?oauth_consumer_key=3n5x56cp5fbh23b3z2xsgdmu&oauth_nonce=888686&oauth_signature=BNastDoOKtPqR0y5bA0boTgnIe4%3D&oauth_signature_method=HMAC-SHA1&oauth_timestamp=1312750930&oauth_version=1.0
[1312751027] http://api.netflix.com/catalog/titles/movies/60033680/format_availability?oauth_consumer_key=3n5x56cp5fbh23b3z2xsgdmu&oauth_nonce=888686&oauth_signature=L5KIz2cQutHionQkJSL0I7rcKMU%3D&oauth_signature_method=HMAC-SHA1&oauth_timestamp=1312750930&oauth_version=1.0
[1312751027] http://api.netflix.com/catalog/titles/movies/60010229/cast?oauth_consumer_key=3n5x56cp5fbh23b3z2xsgdmu&oauth_nonce=888686&oauth_signature=GsnXjZcPzRi8ooRue8DlC5Wd89A%3D&oauth_signature_method=HMAC-SHA1&oauth_timestamp=1312750930&oauth_version=1.0
[1312751028] http://api.netflix.com/catalog/titles/movies/60010229/format_availability?oauth_consumer_key=3n5x56cp5fbh23b3z2xsgdmu&oauth_nonce=888686&oauth_signature=rZO1tpnGWj5SCTBUdtb7j9u6m5M%3D&oauth_signature_method=HMAC-SHA1&oauth_timestamp=1312750930&oauth_version=1.0
[1312751028] http://api.netflix.com/catalog/titles/movies/70052113/cast?oauth_consumer_key=3n5x56cp5fbh23b3z2xsgdmu&oauth_nonce=888686&oauth_signature=6OnhLpCr7Bdjo%2FpfNfDFMC3ab%2B4%3D&oauth_signature_method=HMAC-SHA1&oauth_timestamp=1312750930&oauth_version=1.0
[1312751028] http://api.netflix.com/catalog/titles/movies/70052113/format_availability?oauth_consumer_key=3n5x56cp5fbh23b3z2xsgdmu&oauth_nonce=888686&oauth_signature=pwvA1VDL%2Fv8OXcVfe5M3fQXNIIw%3D&oauth_signature_method=HMAC-SHA1&oauth_timestamp=1312750930&oauth_version=1.0
[1312751028] http://api.netflix.com/catalog/titles/movies/70049186/cast?oauth_consumer_key=3n5x56cp5fbh23b3z2xsgdmu&oauth_nonce=888686&oauth_signature=c9Xmh0hBKGNiejPQcF6ALyDdYH8%3D&oauth_signature_method=HMAC-SHA1&oauth_timestamp=1312750930&oauth_version=1.0
[1312751028] http://api.netflix.com/catalog/titles/movies/70049186/format_availability?oauth_consumer_key=3n5x56cp5fbh23b3z2xsgdmu&oauth_nonce=888686&oauth_signature=rim6hAc478aIAbpm7y2hb1xSuyE%3D&oauth_signature_method=HMAC-SHA1&oauth_timestamp=1312750930&oauth_version=1.0
[1312751029] http://api.netflix.com/catalog/titles/movies/60027593/cast?oauth_consumer_key=3n5x56cp5fbh23b3z2xsgdmu&oauth_nonce=888686&oauth_signature=%2BlNqWUX6ISn7riR9DFgfd5MCYTs%3D&oauth_signature_method=HMAC-SHA1&oauth_timestamp=1312750930&oauth_version=1.0
[1312751029] http://api.netflix.com/catalog/titles/movies/60027593/format_availability?oauth_consumer_key=3n5x56cp5fbh23b3z2xsgdmu&oauth_nonce=888686&oauth_signature=yqqsUEruapcFnac9Puu7dRd9q5A%3D&oauth_signature_method=HMAC-SHA1&oauth_timestamp=1312750930&oauth_version=1.0
[1312751029] http://api.netflix.com/catalog/titles/movies/70032916/cast?oauth_consumer_key=3n5x56cp5fbh23b3z2xsgdmu&oauth_nonce=888686&oauth_signature=Gt2TYloYk%2FfAbrcB7%2FEbkS6HLZs%3D&oauth_signature_method=HMAC-SHA1&oauth_timestamp=1312750930&oauth_version=1.0
[1312751029] http://api.netflix.com/catalog/titles/movies/70032916/format_availability?oauth_consumer_key=3n5x56cp5fbh23b3z2xsgdmu&oauth_nonce=888686&oauth_signature=RbKb4ltowJJDZWyupFOgNoVgP%2Fw%3D&oauth_signature_method=HMAC-SHA1&oauth_timestamp=1312750930&oauth_version=1.0
[1312751029] http://api.netflix.com/catalog/titles/series/70139471/cast?oauth_consumer_key=3n5x56cp5fbh23b3z2xsgdmu&oauth_nonce=888686&oauth_signature=qrvrZpC727DTFQBxAv%2FRW6YWW3w%3D&oauth_signature_method=HMAC-SHA1&oauth_timestamp=1312750930&oauth_version=1.0
[1312751029] http://api.netflix.com/catalog/titles/series/70139471/format_availability?oauth_consumer_key=3n5x56cp5fbh23b3z2xsgdmu&oauth_nonce=888686&oauth_signature=P5U9noHRZfQood2eth89iXqIBJ4%3D&oauth_signature_method=HMAC-SHA1&oauth_timestamp=1312750930&oauth_version=1.0
[1312751030] http://api.netflix.com/catalog/titles/series/70129645/cast?oauth_consumer_key=3n5x56cp5fbh23b3z2xsgdmu&oauth_nonce=888686&oauth_signature=9HSxjK0b55V2YotA%2FclrGSW8BGo%3D&oauth_signature_method=HMAC-SHA1&oauth_timestamp=1312750930&oauth_version=1.0
[1312751030] http://api.netflix.com/catalog/titles/series/70129645/format_availability?oauth_consumer_key=3n5x56cp5fbh23b3z2xsgdmu&oauth_nonce=888686&oauth_signature=OZJZpZOSQTU8gb1sYaxwk6YS2aI%3D&oauth_signature_method=HMAC-SHA1&oauth_timestamp=1312750930&oauth_version=1.0
[1312751030] http://api.netflix.com/catalog/titles/movies/70098677/cast?oauth_consumer_key=3n5x56cp5fbh23b3z2xsgdmu&oauth_nonce=888686&oauth_signature=6WWZBcdeIKnauJKr08lXdjkcTgE%3D&oauth_signature_method=HMAC-SHA1&oauth_timestamp=1312750930&oauth_version=1.0
[1312751030] http://api.netflix.com/catalog/titles/movies/70098677/format_availability?oauth_consumer_key=3n5x56cp5fbh23b3z2xsgdmu&oauth_nonce=888686&oauth_signature=94TVIP4iVCTu5MrkYcYlXztCuMA%3D&oauth_signature_method=HMAC-SHA1&oauth_timestamp=1312750930&oauth_version=1.0
[1312751030] http://api.netflix.com/catalog/titles/series/70143865/cast?oauth_consumer_key=3n5x56cp5fbh23b3z2xsgdmu&oauth_nonce=888686&oauth_signature=VaKUxCWeRuUdK1OgjznTdhT3aJ8%3D&oauth_signature_method=HMAC-SHA1&oauth_timestamp=1312750930&oauth_version=1.0
[1312751030] http://api.netflix.com/catalog/titles/movies/60023596/cast?oauth_consumer_key=3n5x56cp5fbh23b3z2xsgdmu&oauth_nonce=888686&oauth_signature=l1xat7Aq3jO51lKhQ6HNg3jJFHk%3D&oauth_signature_method=HMAC-SHA1&oauth_timestamp=1312750930&oauth_version=1.0
[1312751031] http://api.netflix.com/catalog/titles/movies/60023596/format_availability?oauth_consumer_key=3n5x56cp5fbh23b3z2xsgdmu&oauth_nonce=888686&oauth_signature=AnNKkKIeOjcgfbi6cPAcKqYTQS8%3D&oauth_signature_method=HMAC-SHA1&oauth_timestamp=1312750930&oauth_version=1.0
[1312751031] http://api.netflix.com/catalog/titles/movies/60000138/cast?oauth_consumer_key=3n5x56cp5fbh23b3z2xsgdmu&oauth_nonce=888686&oauth_signature=UUoQK9Kkht7kpcw68KA%2FmsVgdP0%3D&oauth_signature_method=HMAC-SHA1&oauth_timestamp=1312750930&oauth_version=1.0
[1312751031] http://api.netflix.com/catalog/titles/movies/60000138/format_availability?oauth_consumer_key=3n5x56cp5fbh23b3z2xsgdmu&oauth_nonce=888686&oauth_signature=3gKpORilgbvXSKt5Vcyo7fEvwdA%3D&oauth_signature_method=HMAC-SHA1&oauth_timestamp=1312750930&oauth_version=1.0
[1312751031] http://api.netflix.com/catalog/titles/movies/60027527/cast?oauth_consumer_key=3n5x56cp5fbh23b3z2xsgdmu&oauth_nonce=888686&oauth_signature=rmX0ShBhLOUy7qhSB4BZ4CAj%2BGk%3D&oauth_signature_method=HMAC-SHA1&oauth_timestamp=1312750930&oauth_version=1.0
[1312751031] http://api.netflix.com/catalog/titles/movies/60027527/format_availability?oauth_consumer_key=3n5x56cp5fbh23b3z2xsgdmu&oauth_nonce=888686&oauth_signature=CxLckgJ3QTQUUBFb%2F%2FXigtZht%2BU%3D&oauth_signature_method=HMAC-SHA1&oauth_timestamp=1312750930&oauth_version=1.0
[1312751032] http://api.netflix.com/catalog/titles/movies/60028502/cast?oauth_consumer_key=3n5x56cp5fbh23b3z2xsgdmu&oauth_nonce=888686&oauth_signature=PleRjX320N5k7wjpottskZ5YEHk%3D&oauth_signature_method=HMAC-SHA1&oauth_timestamp=1312750930&oauth_version=1.0
[1312751032] http://api.netflix.com/catalog/titles/movies/60028502/format_availability?oauth_consumer_key=3n5x56cp5fbh23b3z2xsgdmu&oauth_nonce=888686&oauth_signature=kA%2F90yBzTRo0dM1ti%2BROYZ3cVbA%3D&oauth_signature_method=HMAC-SHA1&oauth_timestamp=1312750930&oauth_version=1.0
[1312751032] http://api.netflix.com/catalog/titles/movies/60034154/cast?oauth_consumer_key=3n5x56cp5fbh23b3z2xsgdmu&oauth_nonce=888686&oauth_signature=SIWmw5H5AdIiQFqVyb76eTlS1iI%3D&oauth_signature_method=HMAC-SHA1&oauth_timestamp=1312750930&oauth_version=1.0
[1312751032] http://api.netflix.com/catalog/titles/movies/60034154/format_availability?oauth_consumer_key=3n5x56cp5fbh23b3z2xsgdmu&oauth_nonce=888686&oauth_signature=9IdV7Mg5U9baWDuK%2BU5TRrLKTfw%3D&oauth_signature_method=HMAC-SHA1&oauth_timestamp=1312750930&oauth_version=1.0
[1312751032] http://api.netflix.com/catalog/titles/movies/70035762/cast?oauth_consumer_key=3n5x56cp5fbh23b3z2xsgdmu&oauth_nonce=888686&oauth_signature=%2FpYOqOvZSxuQXz2kUhAnpPL2%2Fqc%3D&oauth_signature_method=HMAC-SHA1&oauth_timestamp=1312750930&oauth_version=1.0
[1312751033] http://api.netflix.com/catalog/titles/movies/70035762/format_availability?oauth_consumer_key=3n5x56cp5fbh23b3z2xsgdmu&oauth_nonce=888686&oauth_signature=oej480lABHRgmou6r2yDM%2BfS22U%3D&oauth_signature_method=HMAC-SHA1&oauth_timestamp=1312750930&oauth_version=1.0
[1312751033] http://api.netflix.com/catalog/titles/movies/70038986/cast?oauth_consumer_key=3n5x56cp5fbh23b3z2xsgdmu&oauth_nonce=888686&oauth_signature=eMTIeybq0C7TMUdafhqucOtNXFA%3D&oauth_signature_method=HMAC-SHA1&oauth_timestamp=1312750930&oauth_version=1.0
[1312751033] http://api.netflix.com/catalog/titles/movies/70038986/format_availability?oauth_consumer_key=3n5x56cp5fbh23b3z2xsgdmu&oauth_nonce=888686&oauth_signature=9y0bOmYk2MSI9xYoYsX5w3G2gkk%3D&oauth_signature_method=HMAC-SHA1&oauth_timestamp=1312750930&oauth_version=1.0
[1312751033] http://api.netflix.com/catalog/titles/movies/70048917/cast?oauth_consumer_key=3n5x56cp5fbh23b3z2xsgdmu&oauth_nonce=888686&oauth_signature=HNStaJw0znj7dnNHHMQXygqh%2B68%3D&oauth_signature_method=HMAC-SHA1&oauth_timestamp=1312750930&oauth_version=1.0
[1312751033] http://api.netflix.com/catalog/titles/movies/70048917/format_availability?oauth_consumer_key=3n5x56cp5fbh23b3z2xsgdmu&oauth_nonce=888686&oauth_signature=sk4%2F0JWDc9FFlLJVmqPBtjOqkJQ%3D&oauth_signature_method=HMAC-SHA1&oauth_timestamp=1312750930&oauth_version=1.0
[1312751033] http://api.netflix.com/catalog/titles/movies/70055211/cast?oauth_consumer_key=3n5x56cp5fbh23b3z2xsgdmu&oauth_nonce=888686&oauth_signature=0w8q%2FLXFdWpN3NjA4G8SgZWbS5g%3D&oauth_signature_method=HMAC-SHA1&oauth_timestamp=1312750930&oauth_version=1.0
[1312751033] http://api.netflix.com/catalog/titles/movies/70055211/format_availability?oauth_consumer_key=3n5x56cp5fbh23b3z2xsgdmu&oauth_nonce=888686&oauth_signature=6sY3SA0%2F9tnvDCkhsd%2FA7s2rBeU%3D&oauth_signature_method=HMAC-SHA1&oauth_timestamp=1312750930&oauth_version=1.0
[1312751034] http://api.netflix.com/catalog/titles/movies/70069244/cast?oauth_consumer_key=3n5x56cp5fbh23b3z2xsgdmu&oauth_nonce=888686&oauth_signature=1EgnRYPpEIonIyOMjEmuWKYVVns%3D&oauth_signature_method=HMAC-SHA1&oauth_timestamp=1312750930&oauth_version=1.0
[1312751034] http://api.netflix.com/catalog/titles/movies/70069244/format_availability?oauth_consumer_key=3n5x56cp5fbh23b3z2xsgdmu&oauth_nonce=888686&oauth_signature=jTGsVje8sQ6rV%2FUwvxTqf8A5gas%3D&oauth_signature_method=HMAC-SHA1&oauth_timestamp=1312750930&oauth_version=1.0
[1312751034] http://api.netflix.com/catalog/titles/movies/70070141/cast?oauth_consumer_key=3n5x56cp5fbh23b3z2xsgdmu&oauth_nonce=888686&oauth_signature=i8nyL3oZxtU0m9ufG6qlcaYdLhU%3D&oauth_signature_method=HMAC-SHA1&oauth_timestamp=1312750930&oauth_version=1.0
[1312751034] http://api.netflix.com/catalog/titles/movies/70070141/format_availability?oauth_consumer_key=3n5x56cp5fbh23b3z2xsgdmu&oauth_nonce=888686&oauth_signature=KQAgvzUwBF655qknz00oOVULEFY%3D&oauth_signature_method=HMAC-SHA1&oauth_timestamp=1312750930&oauth_version=1.0
[1312751034] http://api.netflix.com/catalog/titles/movies/70134660/cast?oauth_consumer_key=3n5x56cp5fbh23b3z2xsgdmu&oauth_nonce=888686&oauth_signature=cCVWDqJwsIYdE1x5KYsUD%2BT6BV8%3D&oauth_signature_method=HMAC-SHA1&oauth_timestamp=1312750930&oauth_version=1.0
[1312751034] http://api.netflix.com/catalog/titles/movies/70134660/format_availability?oauth_consumer_key=3n5x56cp5fbh23b3z2xsgdmu&oauth_nonce=888686&oauth_signature=j%2F8efZHlmi2xyys%2F518moBmnq3E%3D&oauth_signature_method=HMAC-SHA1&oauth_timestamp=1312750930&oauth_version=1.0
[1312751035] http://api.netflix.com/catalog/titles/movies/70153180/cast?oauth_consumer_key=3n5x56cp5fbh23b3z2xsgdmu&oauth_nonce=888686&oauth_signature=20MOWghcKBQDMdEaOaxQHTobEPI%3D&oauth_signature_method=HMAC-SHA1&oauth_timestamp=1312750930&oauth_version=1.0
[1312751035] http://api.netflix.com/catalog/titles/movies/70153180/format_availability?oauth_consumer_key=3n5x56cp5fbh23b3z2xsgdmu&oauth_nonce=888686&oauth_signature=ye1s86eZ1OCpdOJSErgpIYdtpo0%3D&oauth_signature_method=HMAC-SHA1&oauth_timestamp=1312750930&oauth_version=1.0
